2025-11-24 01:15:20 [error]: SyntaxError: Expected double-quoted property name in JSON at position 24 (line 4 column 1)
    at JSON.parse (<anonymous>)
    at parse (C:\Users\HP\Desktop\800$\bidroom\backend\node_modules\body-parser\lib\types\json.js:77:19)
    at C:\Users\HP\Desktop\800$\bidroom\backend\node_modules\body-parser\lib\read.js:123:18
    at AsyncResource.runInAsyncScope (node:async_hooks:214:14)
    at invokeCallback (C:\Users\HP\Desktop\800$\bidroom\backend\node_modules\raw-body\index.js:238:16)
    at done (C:\Users\HP\Desktop\800$\bidroom\backend\node_modules\raw-body\index.js:227:7)
    at IncomingMessage.onEnd (C:\Users\HP\Desktop\800$\bidroom\backend\node_modules\raw-body\index.js:287:7)
    at IncomingMessage.emit (node:events:519:28)
    at endReadableNT (node:internal/streams/readable:1698:12)
    at process.processTicksAndRejections (node:internal/process/task_queues:90:21) {"service":"bidroom-backend","error":"Expected double-quoted property name in JSON at position 24 (line 4 column 1)","url":"/api/v1/bids/6e77cee8-66e6-45a0-82c6-7bb205d33328/submit","method":"POST","ip":"::1"}
2025-11-24 01:15:20 [error]: SyntaxError: Expected double-quoted property name in JSON at position 24 (line 4 column 1)
    at JSON.parse (<anonymous>)
    at parse (C:\Users\HP\Desktop\800$\bidroom\backend\node_modules\body-parser\lib\types\json.js:77:19)
    at C:\Users\HP\Desktop\800$\bidroom\backend\node_modules\body-parser\lib\read.js:123:18
    at AsyncResource.runInAsyncScope (node:async_hooks:214:14)
    at invokeCallback (C:\Users\HP\Desktop\800$\bidroom\backend\node_modules\raw-body\index.js:238:16)
    at done (C:\Users\HP\Desktop\800$\bidroom\backend\node_modules\raw-body\index.js:227:7)
    at IncomingMessage.onEnd (C:\Users\HP\Desktop\800$\bidroom\backend\node_modules\raw-body\index.js:287:7)
    at IncomingMessage.emit (node:events:519:28)
    at endReadableNT (node:internal/streams/readable:1698:12)
    at process.processTicksAndRejections (node:internal/process/task_queues:90:21) {"service":"bidroom-backend","error":"Expected double-quoted property name in JSON at position 24 (line 4 column 1)","url":"/api/v1/bids/6e77cee8-66e6-45a0-82c6-7bb205d33328/submit","method":"POST"}
2025-11-24 01:15:24 [error]: SyntaxError: Expected double-quoted property name in JSON at position 24 (line 4 column 1)
    at JSON.parse (<anonymous>)
    at parse (C:\Users\HP\Desktop\800$\bidroom\backend\node_modules\body-parser\lib\types\json.js:77:19)
    at C:\Users\HP\Desktop\800$\bidroom\backend\node_modules\body-parser\lib\read.js:123:18
    at AsyncResource.runInAsyncScope (node:async_hooks:214:14)
    at invokeCallback (C:\Users\HP\Desktop\800$\bidroom\backend\node_modules\raw-body\index.js:238:16)
    at done (C:\Users\HP\Desktop\800$\bidroom\backend\node_modules\raw-body\index.js:227:7)
    at IncomingMessage.onEnd (C:\Users\HP\Desktop\800$\bidroom\backend\node_modules\raw-body\index.js:287:7)
    at IncomingMessage.emit (node:events:519:28)
    at endReadableNT (node:internal/streams/readable:1698:12)
    at process.processTicksAndRejections (node:internal/process/task_queues:90:21) {"service":"bidroom-backend","error":"Expected double-quoted property name in JSON at position 24 (line 4 column 1)","url":"/api/v1/bids/6e77cee8-66e6-45a0-82c6-7bb205d33328/submit","method":"POST","ip":"::1"}
2025-11-24 01:15:24 [error]: SyntaxError: Expected double-quoted property name in JSON at position 24 (line 4 column 1)
    at JSON.parse (<anonymous>)
    at parse (C:\Users\HP\Desktop\800$\bidroom\backend\node_modules\body-parser\lib\types\json.js:77:19)
    at C:\Users\HP\Desktop\800$\bidroom\backend\node_modules\body-parser\lib\read.js:123:18
    at AsyncResource.runInAsyncScope (node:async_hooks:214:14)
    at invokeCallback (C:\Users\HP\Desktop\800$\bidroom\backend\node_modules\raw-body\index.js:238:16)
    at done (C:\Users\HP\Desktop\800$\bidroom\backend\node_modules\raw-body\index.js:227:7)
    at IncomingMessage.onEnd (C:\Users\HP\Desktop\800$\bidroom\backend\node_modules\raw-body\index.js:287:7)
    at IncomingMessage.emit (node:events:519:28)
    at endReadableNT (node:internal/streams/readable:1698:12)
    at process.processTicksAndRejections (node:internal/process/task_queues:90:21) {"service":"bidroom-backend","error":"Expected double-quoted property name in JSON at position 24 (line 4 column 1)","url":"/api/v1/bids/6e77cee8-66e6-45a0-82c6-7bb205d33328/submit","method":"POST"}
2025-11-25 00:54:50 [error]: SyntaxError: Unexpected token 'e', ..." "token": eyJhbGciOi"... is not valid JSON
    at JSON.parse (<anonymous>)
    at parse (C:\Users\HP\Desktop\800$\bidroom\backend\node_modules\body-parser\lib\types\json.js:77:19)
    at C:\Users\HP\Desktop\800$\bidroom\backend\node_modules\body-parser\lib\read.js:123:18
    at AsyncResource.runInAsyncScope (node:async_hooks:214:14)
    at invokeCallback (C:\Users\HP\Desktop\800$\bidroom\backend\node_modules\raw-body\index.js:238:16)
    at done (C:\Users\HP\Desktop\800$\bidroom\backend\node_modules\raw-body\index.js:227:7)
    at IncomingMessage.onEnd (C:\Users\HP\Desktop\800$\bidroom\backend\node_modules\raw-body\index.js:287:7)
    at IncomingMessage.emit (node:events:519:28)
    at endReadableNT (node:internal/streams/readable:1698:12)
    at process.processTicksAndRejections (node:internal/process/task_queues:90:21) {"service":"bidroom-backend","error":"Unexpected token 'e', ...\" \"token\": eyJhbGciOi\"... is not valid JSON","url":"/api/v1/auth/reset-password","method":"POST","ip":"::1"}
2025-11-25 00:54:50 [error]: SyntaxError: Unexpected token 'e', ..." "token": eyJhbGciOi"... is not valid JSON
    at JSON.parse (<anonymous>)
    at parse (C:\Users\HP\Desktop\800$\bidroom\backend\node_modules\body-parser\lib\types\json.js:77:19)
    at C:\Users\HP\Desktop\800$\bidroom\backend\node_modules\body-parser\lib\read.js:123:18
    at AsyncResource.runInAsyncScope (node:async_hooks:214:14)
    at invokeCallback (C:\Users\HP\Desktop\800$\bidroom\backend\node_modules\raw-body\index.js:238:16)
    at done (C:\Users\HP\Desktop\800$\bidroom\backend\node_modules\raw-body\index.js:227:7)
    at IncomingMessage.onEnd (C:\Users\HP\Desktop\800$\bidroom\backend\node_modules\raw-body\index.js:287:7)
    at IncomingMessage.emit (node:events:519:28)
    at endReadableNT (node:internal/streams/readable:1698:12)
    at process.processTicksAndRejections (node:internal/process/task_queues:90:21) {"service":"bidroom-backend","error":"Unexpected token 'e', ...\" \"token\": eyJhbGciOi\"... is not valid JSON","url":"/api/v1/auth/reset-password","method":"POST"}
2025-11-25 04:03:53 [error]: SyntaxError: Expected double-quoted property name in JSON at position 40 (line 4 column 1)
    at JSON.parse (<anonymous>)
    at parse (C:\Users\HP\Desktop\800$\bidroom\backend\node_modules\body-parser\lib\types\json.js:77:19)
    at C:\Users\HP\Desktop\800$\bidroom\backend\node_modules\body-parser\lib\read.js:123:18
    at AsyncResource.runInAsyncScope (node:async_hooks:214:14)
    at invokeCallback (C:\Users\HP\Desktop\800$\bidroom\backend\node_modules\raw-body\index.js:238:16)
    at done (C:\Users\HP\Desktop\800$\bidroom\backend\node_modules\raw-body\index.js:227:7)
    at IncomingMessage.onEnd (C:\Users\HP\Desktop\800$\bidroom\backend\node_modules\raw-body\index.js:287:7)
    at IncomingMessage.emit (node:events:519:28)
    at endReadableNT (node:internal/streams/readable:1698:12)
    at process.processTicksAndRejections (node:internal/process/task_queues:90:21) {"service":"bidroom-backend","error":"Expected double-quoted property name in JSON at position 40 (line 4 column 1)","url":"/api/v1/payments/e6a48eda-dc55-42a7-a2cc-817b5fb32747","method":"PUT","ip":"::1"}
2025-11-25 04:03:53 [error]: SyntaxError: Expected double-quoted property name in JSON at position 40 (line 4 column 1)
    at JSON.parse (<anonymous>)
    at parse (C:\Users\HP\Desktop\800$\bidroom\backend\node_modules\body-parser\lib\types\json.js:77:19)
    at C:\Users\HP\Desktop\800$\bidroom\backend\node_modules\body-parser\lib\read.js:123:18
    at AsyncResource.runInAsyncScope (node:async_hooks:214:14)
    at invokeCallback (C:\Users\HP\Desktop\800$\bidroom\backend\node_modules\raw-body\index.js:238:16)
    at done (C:\Users\HP\Desktop\800$\bidroom\backend\node_modules\raw-body\index.js:227:7)
    at IncomingMessage.onEnd (C:\Users\HP\Desktop\800$\bidroom\backend\node_modules\raw-body\index.js:287:7)
    at IncomingMessage.emit (node:events:519:28)
    at endReadableNT (node:internal/streams/readable:1698:12)
    at process.processTicksAndRejections (node:internal/process/task_queues:90:21) {"service":"bidroom-backend","error":"Expected double-quoted property name in JSON at position 40 (line 4 column 1)","url":"/api/v1/payments/e6a48eda-dc55-42a7-a2cc-817b5fb32747","method":"PUT"}
